[2024-02-1910:07:29] [%-5] [TestLog:7] Empezamos nuestro metodo MAIN
[2024-02-1910:07:29] [%-5] [TestLog:12] Error por dividir por cero 
java.lang.ArithmeticException: / by zero
	at Logger.TestLog.main(TestLog.java:10)
[2024-02-1910:07:29] [%-5] [TestLog:14] Advertencia el metodo MAIN esta por finalizar
[2024-02-1910:07:29] [%-5] [TestLog:15] Esto va a mostrarse solo si el infoLogger esta en DEBUG
[2024-02-1910:07:29] [%-5] [TestLog:16] Finalizamos el thread MAIN
[2024-02-1910:16:08] [ %-5] [TestLog:7] Empezamos nuestro metodo MAIN
[2024-02-1910:16:08] [ %-5] [TestLog:12] Error por dividir por cero 
java.lang.ArithmeticException: / by zero
	at Logger.TestLog.main(TestLog.java:10)
[2024-02-1910:16:08] [ %-5] [TestLog:14] Advertencia el metodo MAIN esta por finalizar
[2024-02-1910:16:08] [ %-5] [TestLog:15] Esto va a mostrarse solo si el infoLogger esta en DEBUG
[2024-02-1910:16:08] [ %-5] [TestLog:16] Finalizamos el thread MAIN
[2024-02-1912:25:55] [ %-5] [TestLog:7] Empezamos nuestro metodo MAIN
[2024-02-1912:25:55] [ %-5] [TestLog:12] Error por dividir por cero 
java.lang.ArithmeticException: / by zero
	at Logger.TestLog.main(TestLog.java:10)
[2024-02-1912:25:55] [ %-5] [TestLog:14] Advertencia el metodo MAIN esta por finalizar
[2024-02-1912:25:55] [ %-5] [TestLog:15] Esto va a mostrarse solo si el infoLogger esta en DEBUG
[2024-02-1912:25:55] [ %-5] [TestLog:16] Finalizamos el thread MAIN
[2024-02-1912:26:15] [ %-5] [Leon:42] El  leon Simba esta corriendo
[2024-02-1912:26:15] [ %-5] [Leon:42] El  leon Bom esta corriendo
[2024-02-1912:26:15] [ %-5] [Leon:51] La edad no puede ser negativa
[2024-02-1912:26:15] [ %-5] [Tigre:32] El tigre Ramon esta corriendo
[2024-02-1912:26:15] [ %-5] [Tigre:32] El tigre Pepe esta corriendo
[2024-02-1912:30:03] [ %-5] [Leon:42] El  leonSimba esta corriendo
[2024-02-1912:30:03] [ %-5] [Leon:42] El  leonBom esta corriendo
[2024-02-1912:30:03] [ %-5] [Leon:51] La edad no puede ser negativa
[2024-02-1912:30:03] [ %-5] [Tigre:32] El tigreRamon esta corriendo
[2024-02-1912:30:03] [ %-5] [Tigre:32] El tigrePepe esta corriendo
[2024-02-1912:48:28] [ %-5] [Leon:42] El leon Simba esta corriendo
[2024-02-1912:48:29] [ %-5] [Leon:42] El leon Bom esta corriendo
[2024-02-1912:48:29] [ %-5] [Leon:48] La edad no puede ser negativa
[2024-02-1912:48:29] [ %-5] [TestAnimal:26] La edad del leon Bom es incorrecta
[2024-02-1912:48:29] [ %-5] [Tigre:32] El tigreRamon esta corriendo
[2024-02-1912:48:29] [ %-5] [Tigre:32] El tigrePepe esta corriendo
[2024-02-1920:27:50] [ %-5] [Leon:42] El leon Simba esta corriendo
[2024-02-1920:27:50] [ %-5] [Leon:42] El leon Bom esta corriendo
[2024-02-1920:27:50] [ %-5] [Leon:48] La edad no puede ser negativa
[2024-02-1920:27:50] [ %-5] [Tigre:32] El tigreRamon esta corriendo
[2024-02-1920:27:50] [ %-5] [Tigre:32] El tigrePepe esta corriendo
[2024-02-2020:12:29] [ %-5] [Main:9] Esto es el comienzo de la clase
[2024-02-2020:13:13] [ INFO ] [Main:9] Esto es el comienzo de la clase
[2024-02-2020:15:23] [ INFO ] [Main:9] Esto es el comienzo de la clase
[2024-02-2020:15:23] [ WARN ] [Main:10] Se esta terminando la clase, vamos a las mesas
[2024-02-2020:17:18] [ INFO ] [Main:10] Esto es el comienzo de la clase
[2024-02-2020:17:18] [ WARN ] [Main:11] Se esta terminando la clase, vamos a las mesas
[2024-02-2021:31:14] [ INFO ] [Main:10] Esto es el comienzo de la clase
[2024-02-2021:31:14] [ WARN ] [Main:11] Se esta terminando la clase, vamos a las mesas
